PWVN3Rq4g
q4cjNYGUa
Jsmeh7q9Q
Xa7sl91w2
4u2H1S9Gq
IoVvgSwPD
gapgD9CWV
ed_VZ2YLw
KJReWSdVL
DCKYfSy83
QXjU9qTsY
izhYXO9wK
P2Txj2gYC
Hpo5kJvOy
ZvG51Qymr
EoKlrdtd0
-QEb0iZ9u
wpxWoikZZ
vtWm-S4hU
L0R7BPmes
TCUfHVNUG
T09lIkKZd
vt8Q8L_I1
MsL8E-uLT
nG7n93dSh
pJkwa7nGK
Czt2TlRYO
AsznpgByX
jQVylMCL5
quL14Csmi
N0IGrSjcB
4V38pzhWw
ctx4YBEdO
tRo-e0MNf
INngY5wRx
zEz0sLEDk
_qy4s3F9P
dXrPaKEuD
tT-valfcj
lfYPxULOn
8-Cjsnq8k
yQhC1Kfrs
E6Psttria
YVjAE0AQd
KZcJeTzJC
Dceyy0cX6
0KcvQpRdC
5n9xafjyn
v3BCYSTsy
16W7c0mb-
6AcLbKtjC
9Tl3OmwrS
DloHqUfPb
hkOTAmmuv
F9wln-KgI
PIYJF040Q
ktPvjr1ti
VPZtihs3s
Lxet1zLBT
vvM43wpf1
K6HCykbHt
L63nAEAJi
6HfAdeoq9
mZpGOQ7tB
PtF_OylW-
1wShyE-u9
7ctkTFv6X
gIKTe8Cs2
Bks59AaHe
i-fNKErt1
QQ0Yn1fqu
Rqa8p1xbj
ategZqxHk
SmtDEhuDQ
-rwo_qdLa
Xkjo7iKkQ
XjTj-tGPS
qn58lRRUE
44NYFvhXm
jdaRIH_at
P51O_PT7N
joFWr3JzB
8rMueNtXr
OslFWEX2w
9Ca8zWJOl
U_u91SjrE
2qYll837a
OX1JnxE1e
1w-oQ-i1X
OnCeaJdd_
MrNaubCbB
VPBPClrX2
QBP9GzhlS
AG2QDwmj6
vtFaCL5v7
ZyX7pkVd1
6MaOPdQPv
KomSU5WbT
3Ge-9rARX
ud3goJHb3
imj9Zzt_x
DFP6UDgVJ
ZqCOeECBf
YVfyYrEmz
ifoFOXRBi
gr0DhSH18
wsuygCu_o
ZiYdOwOrG
XrN2ktBqm
Y8XCIdlFy
Y2X50k9Bj
bphgYiCSV
xu6pyarQs
MdlHgIJrQ
51Nd_mTpu
9AEMKudv5
XcUUY8ziT
ebJ0XBOjo
uPYzjXD1i
mIoKRyLcI
HpYThZmDH
dv2TvTXQ4
_lE1GYPar
dIjKJjzRX
PG3br8Ngq
y0zS83xj0
Z9pzHD2g0
ohACdnWap
UxopGwCGp
RBLIm5LMr
riDVvXZ_K
EeQg6-ZRa
6wttmD-IP
8PR7cWRK-
eWk_KiO6W
m0aBlgoON
0D_4kgr0O
aiB106Sxs
rFtP7Xc_F
gBEMAh7H-
hmufYfI3q
KVlilWila
dFw56B2NB
FBzxKDL69
O2tjWI7Na
6CiZDCUeB
KiyzJU4Ro
TBpi-mv6q
c-0W64R9q
NixcB6yzJ
-7dTzc8kT
RtUvMJFP_
Bg_tJvCA8
Y7gWhNI_P
H9PqcJ6Hs
39NXfa87K
29En__4kU
lGm96vFvm
0hwDxK6Um
hqWSq3EqM
UNozx2mpX
6sQDTgOqh
pOLmD_WVY
PRYPafLAY
tJxcKyFMT
bWti0vTbg
sjyJBL5fk
jwoK5WKVX
ucua3Axwx
sBzRwzY7G
DEckw4dNL
x3m3JrVIm
50Aag0J0Q
zyNM20QAR
m-NYyst_t
HkFlM73G-
pOfwp6Vln
Ja_GMU7-s
P4mT5Tbx_
7YcW25PHn
SBVVtvQ-H
PlW5cGdOr
uHgY24xxc
PCIBhC6ia
AFPWDzHWj
5cPhiEZV5
gR0YfJrg9
IhMMK3QLx
PhyyOCpHm
m8KzmlIEs
AMai9EZes
PaZ3ZW0Qz
iWtxEDE1I
ib2Pt9_zc
8Ju_uxJ9v
UStTtkgsK
HyK_Q5rrc
6H_9l9N3I
-6EKrSZ6n
jpdR-bdV0
4W87Tkb2m
FAmGmuUEh
l44F0fgE4
sQiEb0KMM
2rM_q9Vof
7UGraFUuQ
wDQi-Oc3E
f6xc3QoiC
UfoDUPBVs
guPD-wKxQ
ujGlt8x4Z
Co8IxL7wf
_3oSWwapP
MLTRHc5dk
to6tIdy5r
6nolZKpiG
pKIwfJt78
nfmV2kuQK
1cUUfMeOi
K_aal1U7b
i9bkKw32d
IehwV2K60
jAfUI_hET
o9Bs6Pl2W
yIz8RTe-b
oznlW01iK
_FioceDs7
eFOvL9nVJ
lHPDdbCJe
6Q7QgFNH7
px5AkIOiU
YtC1BsoAD
zfYTu4T6k
sqgZfU1uR
AplZl1Pav
1tJ0uuhqR
-60smdnnp
D0MuaFzox
_ChngHkaV
5b91dFhZz
vf4u7Ww2t
mncFy1H7O
DYhPufgcq
a2mZ2kAgv
QYSx7st6J
pU9Q6oiQN
bbERZkJ8k
1IsL6g2ix
0_W4dTC3v
pPy0GQJLZ
3tf8XlhsQ
iZ5my3krE
FNQxxpM1y
topjvXzjd
VBm5m1-Eo
4nyzl3pVX
MUg1q7Anp
wamJOo4jc
E4RyStef-
9hDKfBKuX
okMVc3-aC
JxxUgp0w8
pfBxS-Agy
fP64Wvz13
sAi1r8tzz
zppMfm4fu
GY7Ps8fqG
FOWf8uqGf
KTdjHMWD_
aiYZZmEdX
x6yqdPU-V
lft0TcJVd
lA_qxkrpM
AJtnrsuzJ
m7ieKfaxo
S32y9aYEz
fyqlN6oCD
f-rFR7fnx
nQVWeaSto
SeEyfEijy
vtB3RRLGw
ZNH0MuQ51
cmB2ucBlr
mn9ifd3V2
jj8qBDf8B
MsbiO8EAs
IIrC5Qcb2
FhbMLmsCa
XPuTZMp-H
AL_GHdjQ7
qZKvZzRyn
cySXdUEX0
gXXNHtpa_
MpFO4Zr0E
xF48mrWtS
8LHL2Ie_1
_8DMEHxOL
TKPlqbJoM
O2XvEZnPt
nOD0EkAcg
Vrkc7Lh0o
uFJpq8S99
eodhTGDzk
76fPNMREf
J81JFwqsS
ljpAK5cD0
HPsazrVSj
kXbpB5_yw
Q0wAgIZXS
Loy9o6rJg
LFU5ZlrR2
8KrNaFFhh
Nh8wQVLhe
VV1aIz6D5
KX2p7U7Fe
OvVKnC6gG
J5etXw2ng
MjdpR-TY6
I30cRCjd6
kXgMWS2O2
bQn9dtQfq
VsRot0p7O
-_A-I3bsX
8Vc-69M-U
B0h_WkJGZ
x2Cy0SDgn
wR7QKyQ33
Qrlo3Dbr7
uF52tYv78
mmRCfa62D
cv3RPNh4S
A9U5wK_bo
Icz1UAc0i
oRjFFgAZQ
CurrggRda
DtnuaHl37
0O0k05_h8
au3l5F03J
pOR8oNARQ
5CHpBG0BY
-gD8pwa6o
Xc4xYacTu
0bfAwn70N
QWkpwIkLj
61WGOJ3oY
3Aq4fcvsC
pr1YRP6rW
MFoODeZfS
LzC_kkbFT
Ef93WmlEh
YPQF0j6Ng
vtX-qVUfC
8sj_aIz11
SgmaZLQoI
fXCzxR7fe
FwHmgFgm_
ZiApX5w_g
hepN60Cz0
rFoSPZBHs
HZ4D3wDRa
0Skg3H9fJ
4mBUYCBRD
EYkBctqyK
9oDoS_pAC
a2-v7RDZX
jqRdl2P2C
L5bD2DMX8
FeAmL9UFA
m4CjXk_b8
uQwQqJwWp
O502R_Lug
gl3ifYJiA
sOrby692U
_oVR8NcKJ
Qif-Qz7NY
l0DoQYGZt
dGTHAc_Xw
ORMSNWt7y
ZvGFV1WoV
liTXfCdCK
mG7GBGcAB
acpDD4eNe
dy5xLVx2N
iH4JJuoHQ
mrYMzpbFz
lu1ncbOY1
S1TQCi9ax
lKKfAuvnL
Xq3isov6m
74MRyztl3
vRuIaqXXm
fICJhsHHx
mE6LIIF3H
K5G3ueDuP
LLXjsH5ue
e_aSht_ss
T40bD7iCf
yGpKcv19h
g3m9IYVoK
HVSjwQnZp
Cm10Gg6sV
Hoxn36SdZ
IoPx_rSic
GY7Ps8fqG
Dji9ALCgf
4bdwBjBaJ
xOrWJ_HAI
-5m1cUE67
mjJPvAa_H
1yrNIrPAt
MSIgvMG4J
2FNuG5YZl
duz90FaBR
ld44QRAmu
sXFeNLjTa
K1NmsNqJo
3NDAZ5g4E
Q65_7uVxv
g7hEpNHGZ
uzSe3BDCk
_Gw3GZ6Rd
ttFOIwiRa
VGOkFdqSA
_YsIQSgIS
XdZqwJEnj
RgFrDBm4T
s7pfOiHap
gVjs8Qtr3
iahUcl51g
xjmnBLPng
oFadopWxK
vC66XFoN4
lTWmcuZ41
Szuw_XJsv
9VoLHdADm
05tWamWtT
IVsWTkD2M
0CrwDj5zc
cet-KqNRZ
5C1cvOlVw
h97fXhDN5
Vp0USXUDa
ctku89Rp0
jiG5Oo4A5
LAWnkMC8O
KvNis_A6U
d3zTfXvYZ
dm3Na4XU3
KfPgpLRUF
llT313onS
lTAWQmCJV
jEyXv6gN0
oxfNuiXVP
Pg06g-T_c
rYnXaJrXS
Jrc6JG11v
c931dQ2Un
yQGqMVuAk
WnzlbyTZs
BLBNO9fmU
iWowJBRMt
nN6QuNqmA
tt-gOQSYb
iZ5my3krE
FNQxxpM1y
9aVJOg2EB
KMX1mFEmM
DsuTwV0jw
ccYLb7cLB
nu_vkgPxP
fd2Cayhez
MhkGQAoc7
ONPqeHJSh
FE9o0kT11
aKYlikFAV
w7MwNsRlu
9QeXYeHz-
Ge6dP6YZf
e8E52hna-
KnQIbyK77
UclERJoFi
uYSGK7-jw
NXQ2YEzZa
n-v6pmZzx
DxKiX-J20
nSYFfWijl
G3PvTWRIh
lS9PmQIUV
2hhEOGXcC
bjULmG8fq
4A6XkYpmi
GM08JabFn
0PmjRVRAk
9nb8mM3uE
IWDy4-i8o
dNbZ826uf
hUChaN-VR
bFVtrlyH-
omcUU2Y6E
3jt-J4Rc_
1ybhJisDf
6mT3r8Qn1
lFIW8KphZ
ypuR5mToZ
9p2d-CuVl
WMykv2ZMy
HDjKC_Djs
yXT1ElMEk
xYHRlc2b0
AGLE5PBdM
xX31xYRl-
YZUNRmwoi
Q5sVtUL08
Vq__C9J15
DPcXX5noL
A5Xv0p0dm
BieUtfRav
XW4duMgxE
kAH1_W7dM
EFHyzuqja
9emxkgNt8
lzMOjCE5m
gzVtHU0y0
_cv7_LlRj
3TovcF1j3
UIF91NghD
JUzwH3tN3
ipNHKkvl8
qB13H0pfx
mef3c22NW
x8JpIMGPN
AJzgxHU55
yOyKqsRd5
FtnB_hDhc
q_bXBcmfT
GoJsr4IwC
0jGaio87u
WaNLJf8xz
y9Ecb43qw
_NrSWLQsD
9gk_8mQue
QFb_rArMe
yAHewFaeG
mAJeK283j
qqrnzmqCG
ilyTQSn2z
YLFcnyp7p
HMXasv7N2
IUaTb_1QG
elLSX6k4Q
V_ryJOpj3
eJJcElPtP
Iq9SEFwJ9
zTEYUFgLv
GvD3CHA48
cK3NMZAUK
WIKqgE4Bw
R2XZm295s
61vk63hLN
UczXln2bA
57hWWDFDf
fo59fCISV
zZbf2ub9y
_W7wqQwa-
u1e7ZTZn9
1shDB7nRu
2f1Ny74_o
9QdaNUrq1
huPdLgteU
DsOb7PQES
-Di8tqtPm
utmgNd1sA
6kVpRNlc-
FbMZQyxmn
jI8Im6RoP
esEkRpP62
Aa55RKWZx
Gd1dM5VcC
o4PFDKIc2
41DHrDeHH
j2-MvRf4g
SUYu2Rxop
pFOAH685K
RpXNyWPfs
YQkICGBS7
5GGjN-3ds
IDXBKvaoX
D3QNPGQOf
MlJdMr3O5
7_uOvAl46
L-fx2xXSV
xCjmmSNhc
f2rfwR-IV
l0-MRv-xy
S9JGmA5_u
oPpnCh7In
a6D-9MIdW
oiKCc-FfQ
9cSpDCYo1
hMaxTMc8o
-qty-1U-1
MJu0sTaIX
F3WpBsc0Q
DR7MLaAKc
1rEtFjUFB
A-Cll9jEn
ruieT3Nkg
9bP4-ly2q
c9qk-H0ih
0fKg7e37b
qyz3jkOBb
gP4ZNUHdw
7ZnYW8szD
UFeMVz6da
6Q7QgFNH7
qpeDBPPn0
2X-KnA_AS
otfFJpXTe
LR8fQiskY
runN4gPJJ
Dji9ALCgf
VypbgNAsq
HZakJFqdp
yGpKcv19h
fWi3ETEwz
U3dgZoYRt
qiSogIB0c
_n_2hIUME
x0OK1GiI8
yt4TdVoFJ
Xsy6Y9ic9
dJTVRSOMG
gB9n2gHsH
E1eIg54cl
l2z3UvzXT
5p8oQQ1yg
sScrtGdKm
aircAruvn
mcRHpJyn4
4ZpUjcLJE
_X3C19nva
DyMY2jbeL
labytsb3g
s6WGNd8QR
HEubrZV04
UczXln2bA
VKvsMqGOK
WQCpFwB92
BTiZD7p_o
0jGaio87u
fAsaSkmbF
6z7GQewK-
2JUAojvFp
aSg2Db3jF
PgeJ0XYuI
MfZmbKDtR
xA4QWwawe
oSCX78-8-
lIPEvh8Hb
wf8w1BJb9
vCWJoGSmr
2BBd-TTla
4FaRP12ck
dGKwx-BFO
cBZMBCQMK
MwmUEZNun
MlZE03UPI
EKpbnEJV4
jgeWHnSmP
KW0oWJ75K
7W4ok4z-6
xB36zGHAH
rEz16K3BN
bHIyD29Pv
mY0hA4kdu
cxQjljWO0
axYGughrZ
kCgm-wSpo
kdcvyfjuK
YlaWGd1cU
CSOQ_KizI
mBRBeBwjm
Mxxhe4qLq
04F4xlWSF
wFKBN3MGU
3dqFO85xS
EIl3Km9Dr
b44fZIEL7
BZt7PPjpK
FagFzBZIJ
A4ixrgeaP
aGnhF0_rA
FTQbiNvZq
OFgl0z1Hr
QQBSeclvM
btDHH3tRq
Q9hLcRU5w
3QGMCSCFo
ReRxGarP3
xrt5m1UvH
uGRnx04WQ
slmSCEho3
M3KTWnTrU
W8sGTh7Zp
oL_hti-iX
aj8ifYrzG
aFjB6P-bT
gwQeXeJuu
IoKfQrlQ7
QbUPfMXXQ
JMZbfc9MF
BAejnwN4C
JUDYkxU6J
ELRxqLbiF
ksRoh-10l
u6arTXBDY
LaarVR1AO
TH4bl-5Nx
dFlPARW5I
Z98hXV9Gm
iLNHVwSu9
BMZ2QFLrL
XyMdpcAPn
HgMQTvDcn
19C-78OKo
Cw7g8ixbo
KbgvSi35n
IjmmefGrJ
krRpZFU6r
IsdZKG9wy
HnSJZ4qTc
GvwPwIUSY
N4gDikiec
vk__f28ye
VD-3gGnEh
S_doxRtYd
vwbKYcBdV
tvTRZJ-4E
c3JGx8yES
hYJzZmZcA
FDgQlMl4f
C2vgICfQa
vdgiqMkFy
znOBmOrtz
qMq-zd6hg
fML1KpvvQ
YvNiLmHXZ
HZcic7lEc
UjhX2sVf0
6kbW6-joI
ICfeLG-yX
G2hI9XL6o
9iaEqGOh5
LnxSTShwD
7EveJYDlo
WjUebpBA2
tUhpEwzPH
nqZPt8aun
6cgc9TMxQ
IqSp_klnn
jifZvSBv6
vs4ovEI_S
ltM0OrNu3
REOd_hgjh
5m_QcGU5L
8kLeSi3uX
f3MDtQjdz
jH28gaXGl
Sz__PQrgM
3isB0oZ0L
iL2oSLwFj
lzzD1aNsL
dNYUcBzA6
Cjj-TbCTZ
XUa8QkP4S
xOlSZLjK8
zIiUs_Kc-
MFunyYA2m
wd9-VP2Lz
ldqDpmMkX
t5qgjJIBy
tYZ8DXANf
QHEQuoIKg
njYydvjkP
QoSGMKKqg
ffg9dArNf
pj8n78AuN
Ufm3nYuHd
QHWGFXZvD
MkXoQVWRD
II1A3bBo6
7eBLAgT0y
CKeyIbT3v
Tj7hRjl3s
T-HGdc8L-
0QjgnEBp_
PBsUD40nP
TQ_WZU5s_
uHusbFmq-
s6b1_3bNC
7nTLzLf7j
mWJkvxQXI
8uyR-YU_0
6vX8wT1G7
l__fEY1xa
rqecAdEGW
frh0coyRm
o8dffrZ86
n2oHuKG_B
5N31KNgOO
a562vsSI2
XNgfxOUoJ
_F_qZBWmj
ktacm_VaF
AImF__7Fy
qUVWM2Q4v
bX1dtL_PZ
2VLaIr5Ck
vdgiqMkFy
0V3uYA1ha
BjoM9oKOA
m1G6WBvrO
XJ7HLz9VY
HtThmLF-o
z6ym480PQ
biN3v3ef-
0yYgSaZmx
Nwy_CesRB
fiYNaTeRY
MjJzibFTa
4y9vjAs6W
OlFf0-ee1
pe4u7anS2
-JJfQd-nc
xkzh7mfY1
_ze5p_hG6
l4bs3XCKR
_PXXcaNgQ
SanbFSKvd
1wgt3lXc6
UWgDKtvnj
XeVZQoJ5F
kjlnQZCWh
C4h-AS729
xkqnRR9Mm
lAtoaRz78
RM0wpEdUB
Koxzz7LDm
HqHQFm5L6
araeHtN_3
a3QJiMTa1
2iObySa91
o4UmGrPst
DujtldJhi
KMRgLi2TB
NoSso-IN2
9LY_AszqX
BA2rHlbB5
ikwNrFvnL
y7sgcFhk6
D1BBj2VaB
YcdldZ1E9
Qf4dIN99e
sor1nwNIP
68JUaszsv
JkznVy_Ci
ad7SUyN5V
CMsD3IigG
ecT42O6I_
qGgIC1GkB
D1ELEeIs0
nmZbhManV
UCHzlUiDD
8j0UDiN7m
bJAGzZ19F
gQBjJjpkj
C4jiAzejp
_NFkzw6oF
Gd0RBdFRv
mLYgr2yw8
hS_WqkyUa
6G1mx8vc8
w05jWoaIH
8PDnSzf_T
AwDw7j7dE
N1Idlk4Vg
7DlgPAlxW
qpOsXiru4
nI5VdsVl0
bThEbBcrf
q8eIve9Ej
6fByt0o4U
Zik6u0klD
DBXZWB_dN
-tbWoZSi3
eoXLD0Aw1
m9EXEpjSD
jnkOcAkLk
aR5N2Jl8k
qJI2uXNxX
o8NPllzkF
S5S9LIT-h
UB9vsXMZx
tNa99PG8h
cKxRvEZd3
QfNvhPx5P
AaGK-fj-B
i97pyMdaJ
63VbiVqkX
1cHx1baKq
jmc7aUVKC
vE-mcsfxL
2Z3776DLh
3sZrebd7V
WjEkxGxbK
dJZjgO67m
nvif0O9yrBI

